2014-01-30 23:26:36,801 - Log4JLogChute initialized using file 'velocity.log'
2014-01-30 23:26:36,801 - Velocity was not initialized! Calling init()...
2014-01-30 23:26:36,801 - Starting Apache Velocity v1.5 (compiled: 2007-02-22 08:52:29)
2014-01-30 23:26:36,801 - Default Properties File: org/apache/velocity/runtime/defaults/velocity.properties
2014-01-30 23:26:36,801 - Trying to use logger class org.apache.velocity.runtime.log.AvalonLogChute
2014-01-30 23:26:36,820 - Couldn't find class org.apache.velocity.runtime.log.AvalonLogChute or necessary supporting classes in classpath.
java.lang.NoClassDefFoundError: org/apache/log/format/Formatter
	at java.lang.Class.forName0(Native Method)
	at java.lang.Class.forName(Class.java:270)
	at org.apache.velocity.util.ClassUtils.getClass(ClassUtils.java:63)
	at org.apache.velocity.util.ClassUtils.getNewInstance(ClassUtils.java:95)
	at org.apache.velocity.runtime.log.LogManager.createLogChute(LogManager.java:147)
	at org.apache.velocity.runtime.log.LogManager.updateLog(LogManager.java:208)
	at org.apache.velocity.runtime.RuntimeInstance.initializeLog(RuntimeInstance.java:728)
	at org.apache.velocity.runtime.RuntimeInstance.init(RuntimeInstance.java:240)
	at org.apache.velocity.runtime.RuntimeInstance.parse(RuntimeInstance.java:993)
	at org.apache.velocity.runtime.RuntimeInstance.parse(RuntimeInstance.java:972)
	at org.apache.velocity.runtime.RuntimeSingleton.parse(RuntimeSingleton.java:265)
	at org.apache.velocity.app.Velocity.evaluate(Velocity.java:274)
	at cz.ss.training.weather.WeatherFormatter.format(WeatherFormatter.java:21)
	at cz.ss.training.weather.Main.start(Main.java:38)
	at cz.ss.training.weather.Main.main(Main.java:23)
	at sun.reflect.NativeMethodAccessorImpl.invoke0(Native Method)
	at sun.reflect.NativeMethodAccessorImpl.invoke(NativeMethodAccessorImpl.java:57)
	at sun.reflect.DelegatingMethodAccessorImpl.invoke(DelegatingMethodAccessorImpl.java:43)
	at java.lang.reflect.Method.invoke(Method.java:606)
	at org.codehaus.mojo.exec.ExecJavaMojo$1.run(ExecJavaMojo.java:297)
	at java.lang.Thread.run(Thread.java:724)
Caused by: java.lang.ClassNotFoundException: org.apache.log.format.Formatter
	at java.net.URLClassLoader$1.run(URLClassLoader.java:366)
	at java.net.URLClassLoader$1.run(URLClassLoader.java:355)
	at java.security.AccessController.doPrivileged(Native Method)
	at java.net.URLClassLoader.findClass(URLClassLoader.java:354)
	at java.lang.ClassLoader.loadClass(ClassLoader.java:424)
	at java.lang.ClassLoader.loadClass(ClassLoader.java:357)
	... 21 more
2014-01-30 23:26:36,822 - Trying to use logger class org.apache.velocity.runtime.log.Log4JLogChute
2014-01-30 23:26:36,822 - Using logger class org.apache.velocity.runtime.log.Log4JLogChute
2014-01-30 23:26:36,824 - Default ResourceManager initializing. (class org.apache.velocity.runtime.resource.ResourceManagerImpl)
2014-01-30 23:26:36,832 - ResourceLoader instantiated: org.apache.velocity.runtime.resource.loader.FileResourceLoader
2014-01-30 23:26:36,833 - Do unicode file recognition:  false
2014-01-30 23:26:36,833 - FileResourceLoader : adding path '.'
2014-01-30 23:26:36,863 - ResourceCache: initialized (class org.apache.velocity.runtime.resource.ResourceCacheImpl)
2014-01-30 23:26:36,864 - Loaded System Directive: org.apache.velocity.runtime.directive.Literal
2014-01-30 23:26:36,865 - Loaded System Directive: org.apache.velocity.runtime.directive.Macro
2014-01-30 23:26:36,871 - Loaded System Directive: org.apache.velocity.runtime.directive.Parse
2014-01-30 23:26:36,872 - Loaded System Directive: org.apache.velocity.runtime.directive.Include
2014-01-30 23:26:36,873 - Loaded System Directive: org.apache.velocity.runtime.directive.Foreach
2014-01-30 23:26:36,924 - Created '20' parsers.
2014-01-30 23:26:36,939 - Velocimacro : "velocimacro.library" is not set.  Trying default library: VM_global_library.vm
2014-01-30 23:26:36,940 - Velocimacro : Default library not found.
2014-01-30 23:26:36,940 - Velocimacro : allowInline = true : VMs can be defined inline in templates
2014-01-30 23:26:36,940 - Velocimacro : allowInlineToOverride = false : VMs defined inline may NOT replace previous VM definitions
2014-01-30 23:26:36,940 - Velocimacro : allowInlineLocal = false : VMs defined inline will be global in scope if allowed.
2014-01-30 23:26:36,940 - Velocimacro : autoload off : VM system will not automatically reload global library macros
2014-01-30 23:29:55,837 - Log4JLogChute initialized using file 'velocity.log'
2014-01-30 23:29:55,838 - Velocity was not initialized! Calling init()...
2014-01-30 23:29:55,838 - Starting Apache Velocity v1.5 (compiled: 2007-02-22 08:52:29)
2014-01-30 23:29:55,838 - Default Properties File: org/apache/velocity/runtime/defaults/velocity.properties
2014-01-30 23:29:55,838 - Trying to use logger class org.apache.velocity.runtime.log.AvalonLogChute
2014-01-30 23:29:55,849 - Couldn't find class org.apache.velocity.runtime.log.AvalonLogChute or necessary supporting classes in classpath.
java.lang.NoClassDefFoundError: org/apache/log/format/Formatter
	at java.lang.Class.forName0(Native Method)
	at java.lang.Class.forName(Class.java:270)
	at org.apache.velocity.util.ClassUtils.getClass(ClassUtils.java:63)
	at org.apache.velocity.util.ClassUtils.getNewInstance(ClassUtils.java:95)
	at org.apache.velocity.runtime.log.LogManager.createLogChute(LogManager.java:147)
	at org.apache.velocity.runtime.log.LogManager.updateLog(LogManager.java:208)
	at org.apache.velocity.runtime.RuntimeInstance.initializeLog(RuntimeInstance.java:728)
	at org.apache.velocity.runtime.RuntimeInstance.init(RuntimeInstance.java:240)
	at org.apache.velocity.runtime.RuntimeInstance.parse(RuntimeInstance.java:993)
	at org.apache.velocity.runtime.RuntimeInstance.parse(RuntimeInstance.java:972)
	at org.apache.velocity.runtime.RuntimeSingleton.parse(RuntimeSingleton.java:265)
	at org.apache.velocity.app.Velocity.evaluate(Velocity.java:274)
	at cz.ss.training.weather.WeatherFormatter.format(WeatherFormatter.java:21)
	at cz.ss.training.weather.Main.start(Main.java:38)
	at cz.ss.training.weather.Main.main(Main.java:23)
	at sun.reflect.NativeMethodAccessorImpl.invoke0(Native Method)
	at sun.reflect.NativeMethodAccessorImpl.invoke(NativeMethodAccessorImpl.java:57)
	at sun.reflect.DelegatingMethodAccessorImpl.invoke(DelegatingMethodAccessorImpl.java:43)
	at java.lang.reflect.Method.invoke(Method.java:606)
	at org.codehaus.mojo.exec.ExecJavaMojo$1.run(ExecJavaMojo.java:297)
	at java.lang.Thread.run(Thread.java:724)
Caused by: java.lang.ClassNotFoundException: org.apache.log.format.Formatter
	at java.net.URLClassLoader$1.run(URLClassLoader.java:366)
	at java.net.URLClassLoader$1.run(URLClassLoader.java:355)
	at java.security.AccessController.doPrivileged(Native Method)
	at java.net.URLClassLoader.findClass(URLClassLoader.java:354)
	at java.lang.ClassLoader.loadClass(ClassLoader.java:424)
	at java.lang.ClassLoader.loadClass(ClassLoader.java:357)
	... 21 more
2014-01-30 23:29:55,851 - Trying to use logger class org.apache.velocity.runtime.log.Log4JLogChute
2014-01-30 23:29:55,851 - Using logger class org.apache.velocity.runtime.log.Log4JLogChute
2014-01-30 23:29:55,852 - Default ResourceManager initializing. (class org.apache.velocity.runtime.resource.ResourceManagerImpl)
2014-01-30 23:29:55,869 - ResourceLoader instantiated: org.apache.velocity.runtime.resource.loader.FileResourceLoader
2014-01-30 23:29:55,870 - Do unicode file recognition:  false
2014-01-30 23:29:55,870 - FileResourceLoader : adding path '.'
2014-01-30 23:29:55,899 - ResourceCache: initialized (class org.apache.velocity.runtime.resource.ResourceCacheImpl)
2014-01-30 23:29:55,900 - Loaded System Directive: org.apache.velocity.runtime.directive.Literal
2014-01-30 23:29:55,905 - Loaded System Directive: org.apache.velocity.runtime.directive.Macro
2014-01-30 23:29:55,906 - Loaded System Directive: org.apache.velocity.runtime.directive.Parse
2014-01-30 23:29:55,907 - Loaded System Directive: org.apache.velocity.runtime.directive.Include
2014-01-30 23:29:55,908 - Loaded System Directive: org.apache.velocity.runtime.directive.Foreach
2014-01-30 23:29:55,947 - Created '20' parsers.
2014-01-30 23:29:55,964 - Velocimacro : "velocimacro.library" is not set.  Trying default library: VM_global_library.vm
2014-01-30 23:29:55,965 - Velocimacro : Default library not found.
2014-01-30 23:29:55,965 - Velocimacro : allowInline = true : VMs can be defined inline in templates
2014-01-30 23:29:55,965 - Velocimacro : allowInlineToOverride = false : VMs defined inline may NOT replace previous VM definitions
2014-01-30 23:29:55,965 - Velocimacro : allowInlineLocal = false : VMs defined inline will be global in scope if allowed.
2014-01-30 23:29:55,965 - Velocimacro : autoload off : VM system will not automatically reload global library macros
2014-01-30 23:30:13,561 - Log4JLogChute initialized using file 'velocity.log'
2014-01-30 23:30:13,574 - Velocity was not initialized! Calling init()...
2014-01-30 23:30:13,574 - Starting Apache Velocity v1.5 (compiled: 2007-02-22 08:52:29)
2014-01-30 23:30:13,574 - Default Properties File: org/apache/velocity/runtime/defaults/velocity.properties
2014-01-30 23:30:13,574 - Trying to use logger class org.apache.velocity.runtime.log.AvalonLogChute
2014-01-30 23:30:13,575 - Couldn't find class org.apache.velocity.runtime.log.AvalonLogChute or necessary supporting classes in classpath.
java.lang.NoClassDefFoundError: org/apache/log/format/Formatter
	at java.lang.Class.forName0(Native Method)
	at java.lang.Class.forName(Class.java:270)
	at org.apache.velocity.util.ClassUtils.getClass(ClassUtils.java:63)
	at org.apache.velocity.util.ClassUtils.getNewInstance(ClassUtils.java:95)
	at org.apache.velocity.runtime.log.LogManager.createLogChute(LogManager.java:147)
	at org.apache.velocity.runtime.log.LogManager.updateLog(LogManager.java:208)
	at org.apache.velocity.runtime.RuntimeInstance.initializeLog(RuntimeInstance.java:728)
	at org.apache.velocity.runtime.RuntimeInstance.init(RuntimeInstance.java:240)
	at org.apache.velocity.runtime.RuntimeInstance.parse(RuntimeInstance.java:993)
	at org.apache.velocity.runtime.RuntimeInstance.parse(RuntimeInstance.java:972)
	at org.apache.velocity.runtime.RuntimeSingleton.parse(RuntimeSingleton.java:265)
	at org.apache.velocity.app.Velocity.evaluate(Velocity.java:274)
	at cz.ss.training.weather.WeatherFormatter.format(WeatherFormatter.java:21)
	at cz.ss.training.weather.Main.start(Main.java:38)
	at cz.ss.training.weather.Main.main(Main.java:23)
	at sun.reflect.NativeMethodAccessorImpl.invoke0(Native Method)
	at sun.reflect.NativeMethodAccessorImpl.invoke(NativeMethodAccessorImpl.java:57)
	at sun.reflect.DelegatingMethodAccessorImpl.invoke(DelegatingMethodAccessorImpl.java:43)
	at java.lang.reflect.Method.invoke(Method.java:606)
	at org.codehaus.mojo.exec.ExecJavaMojo$1.run(ExecJavaMojo.java:297)
	at java.lang.Thread.run(Thread.java:724)
Caused by: java.lang.ClassNotFoundException: org.apache.log.format.Formatter
	at java.net.URLClassLoader$1.run(URLClassLoader.java:366)
	at java.net.URLClassLoader$1.run(URLClassLoader.java:355)
	at java.security.AccessController.doPrivileged(Native Method)
	at java.net.URLClassLoader.findClass(URLClassLoader.java:354)
	at java.lang.ClassLoader.loadClass(ClassLoader.java:424)
	at java.lang.ClassLoader.loadClass(ClassLoader.java:357)
	... 21 more
2014-01-30 23:30:13,576 - Trying to use logger class org.apache.velocity.runtime.log.Log4JLogChute
2014-01-30 23:30:13,576 - Using logger class org.apache.velocity.runtime.log.Log4JLogChute
2014-01-30 23:30:13,583 - Default ResourceManager initializing. (class org.apache.velocity.runtime.resource.ResourceManagerImpl)
2014-01-30 23:30:13,585 - ResourceLoader instantiated: org.apache.velocity.runtime.resource.loader.FileResourceLoader
2014-01-30 23:30:13,593 - Do unicode file recognition:  false
2014-01-30 23:30:13,593 - FileResourceLoader : adding path '.'
2014-01-30 23:30:13,616 - ResourceCache: initialized (class org.apache.velocity.runtime.resource.ResourceCacheImpl)
2014-01-30 23:30:13,616 - Loaded System Directive: org.apache.velocity.runtime.directive.Literal
2014-01-30 23:30:13,626 - Loaded System Directive: org.apache.velocity.runtime.directive.Macro
2014-01-30 23:30:13,627 - Loaded System Directive: org.apache.velocity.runtime.directive.Parse
2014-01-30 23:30:13,628 - Loaded System Directive: org.apache.velocity.runtime.directive.Include
2014-01-30 23:30:13,628 - Loaded System Directive: org.apache.velocity.runtime.directive.Foreach
2014-01-30 23:30:13,648 - Created '20' parsers.
2014-01-30 23:30:13,652 - Velocimacro : "velocimacro.library" is not set.  Trying default library: VM_global_library.vm
2014-01-30 23:30:13,653 - Velocimacro : Default library not found.
2014-01-30 23:30:13,653 - Velocimacro : allowInline = true : VMs can be defined inline in templates
2014-01-30 23:30:13,653 - Velocimacro : allowInlineToOverride = false : VMs defined inline may NOT replace previous VM definitions
2014-01-30 23:30:13,653 - Velocimacro : allowInlineLocal = false : VMs defined inline will be global in scope if allowed.
2014-01-30 23:30:13,653 - Velocimacro : autoload off : VM system will not automatically reload global library macros
2014-01-30 23:39:32,893 - Log4JLogChute initialized using file 'velocity.log'
2014-01-30 23:39:32,893 - Velocity was not initialized! Calling init()...
2014-01-30 23:39:32,893 - Starting Apache Velocity v1.5 (compiled: 2007-02-22 08:52:29)
2014-01-30 23:39:32,893 - Default Properties File: org/apache/velocity/runtime/defaults/velocity.properties
2014-01-30 23:39:32,893 - Trying to use logger class org.apache.velocity.runtime.log.AvalonLogChute
2014-01-30 23:39:32,895 - Couldn't find class org.apache.velocity.runtime.log.AvalonLogChute or necessary supporting classes in classpath.
java.lang.NoClassDefFoundError: org/apache/log/format/Formatter
	at java.lang.Class.forName0(Native Method)
	at java.lang.Class.forName(Class.java:270)
	at org.apache.velocity.util.ClassUtils.getClass(ClassUtils.java:63)
	at org.apache.velocity.util.ClassUtils.getNewInstance(ClassUtils.java:95)
	at org.apache.velocity.runtime.log.LogManager.createLogChute(LogManager.java:147)
	at org.apache.velocity.runtime.log.LogManager.updateLog(LogManager.java:208)
	at org.apache.velocity.runtime.RuntimeInstance.initializeLog(RuntimeInstance.java:728)
	at org.apache.velocity.runtime.RuntimeInstance.init(RuntimeInstance.java:240)
	at org.apache.velocity.runtime.RuntimeInstance.parse(RuntimeInstance.java:993)
	at org.apache.velocity.runtime.RuntimeInstance.parse(RuntimeInstance.java:972)
	at org.apache.velocity.runtime.RuntimeSingleton.parse(RuntimeSingleton.java:265)
	at org.apache.velocity.app.Velocity.evaluate(Velocity.java:274)
	at cz.ss.training.weather.WeatherFormatter.format(WeatherFormatter.java:21)
	at cz.ss.training.weather.Main.start(Main.java:38)
	at cz.ss.training.weather.Main.main(Main.java:23)
Caused by: java.lang.ClassNotFoundException: org.apache.log.format.Formatter
	at java.net.URLClassLoader$1.run(URLClassLoader.java:366)
	at java.net.URLClassLoader$1.run(URLClassLoader.java:355)
	at java.security.AccessController.doPrivileged(Native Method)
	at java.net.URLClassLoader.findClass(URLClassLoader.java:354)
	at java.lang.ClassLoader.loadClass(ClassLoader.java:424)
	at sun.misc.Launcher$AppClassLoader.loadClass(Launcher.java:308)
	at java.lang.ClassLoader.loadClass(ClassLoader.java:357)
	... 15 more
2014-01-30 23:39:32,898 - Trying to use logger class org.apache.velocity.runtime.log.Log4JLogChute
2014-01-30 23:39:32,898 - Using logger class org.apache.velocity.runtime.log.Log4JLogChute
2014-01-30 23:39:32,900 - Default ResourceManager initializing. (class org.apache.velocity.runtime.resource.ResourceManagerImpl)
2014-01-30 23:39:32,902 - ResourceLoader instantiated: org.apache.velocity.runtime.resource.loader.FileResourceLoader
2014-01-30 23:39:32,903 - Do unicode file recognition:  false
2014-01-30 23:39:32,903 - FileResourceLoader : adding path '.'
2014-01-30 23:39:32,912 - ResourceCache: initialized (class org.apache.velocity.runtime.resource.ResourceCacheImpl)
2014-01-30 23:39:32,917 - Loaded System Directive: org.apache.velocity.runtime.directive.Literal
2014-01-30 23:39:32,918 - Loaded System Directive: org.apache.velocity.runtime.directive.Macro
2014-01-30 23:39:32,924 - Loaded System Directive: org.apache.velocity.runtime.directive.Parse
2014-01-30 23:39:32,925 - Loaded System Directive: org.apache.velocity.runtime.directive.Include
2014-01-30 23:39:32,925 - Loaded System Directive: org.apache.velocity.runtime.directive.Foreach
2014-01-30 23:39:32,946 - Created '20' parsers.
2014-01-30 23:39:32,952 - Velocimacro : "velocimacro.library" is not set.  Trying default library: VM_global_library.vm
2014-01-30 23:39:32,953 - Velocimacro : Default library not found.
2014-01-30 23:39:32,953 - Velocimacro : allowInline = true : VMs can be defined inline in templates
2014-01-30 23:39:32,953 - Velocimacro : allowInlineToOverride = false : VMs defined inline may NOT replace previous VM definitions
2014-01-30 23:39:32,953 - Velocimacro : allowInlineLocal = false : VMs defined inline will be global in scope if allowed.
2014-01-30 23:39:32,953 - Velocimacro : autoload off : VM system will not automatically reload global library macros
